<?xml version="1.0" encoding="UTF-8"?>
<testsuite name="TestSuite" time="52.506" tests="4" errors="0" skipped="2" failures="1">
  <properties>
    <property name="java.runtime.name" value="Java(TM) SE Runtime Environment"/>
    <property name="sun.boot.library.path" value="C:\Program Files\Java\jre1.8.0_121\bin"/>
    <property name="java.vm.version" value="25.121-b13"/>
    <property name="java.vm.vendor" value="Oracle Corporation"/>
    <property name="java.vendor.url" value="http://java.oracle.com/"/>
    <property name="path.separator" value=";"/>
    <property name="guice.disable.misplaced.annotation.check" value="true"/>
    <property name="java.vm.name" value="Java HotSpot(TM) 64-Bit Server VM"/>
    <property name="file.encoding.pkg" value="sun.io"/>
    <property name="user.script" value=""/>
    <property name="user.country" value="US"/>
    <property name="sun.java.launcher" value="SUN_STANDARD"/>
    <property name="sun.os.patch.level" value="Service Pack 1"/>
    <property name="java.vm.specification.name" value="Java Virtual Machine Specification"/>
    <property name="user.dir" value="C:\Karthick\PchWorkspace\Interview"/>
    <property name="java.runtime.version" value="1.8.0_121-b13"/>
    <property name="java.awt.graphicsenv" value="sun.awt.Win32GraphicsEnvironment"/>
    <property name="java.endorsed.dirs" value="C:\Program Files\Java\jre1.8.0_121\lib\endorsed"/>
    <property name="os.arch" value="amd64"/>
    <property name="java.io.tmpdir" value="C:\Users\KARUNA~1\AppData\Local\Temp\"/>
    <property name="line.separator" value="&#10;"/>
    <property name="java.vm.specification.vendor" value="Oracle Corporation"/>
    <property name="user.variant" value=""/>
    <property name="os.name" value="Windows 7"/>
    <property name="classworlds.conf" value="C:\Karthick\PchWorkspace\.metadata\.plugins\org.eclipse.m2e.launching\launches\m2conf2728566693645040058.tmp"/>
    <property name="sun.jnu.encoding" value="Cp1252"/>
    <property name="java.library.path" value="C:\Program Files\Java\jre1.8.0_121\bin;C:\Windows\Sun\Java\bin;C:\Windows\system32;C:\Windows;C:/Program Files/Java/jre1.8.0_121/bin/server;C:/Program Files/Java/jre1.8.0_121/bin;C:/Program Files/Java/jre1.8.0_121/lib/amd64;C:\ProgramData\Oracle\Java\javapath;C:\Windows\system32;C:\Windows;C:\Windows\System32\Wbem;C:\Windows\System32\WindowsPowerShell\v1.0\;C:\Program Files\Citrix\System32\;C:\Program Files\Citrix\ICAService\;C:\Program Files (x86)\Skype\Phone\;C:\Program Files\Java\jdk1.8.0_121\bin;C:\Karthick\Softwares &amp; Utilities\apache-maven-3.3.9-bin\apache-maven-3.3.9\\bin;C:\Karthick\Softwares &amp; Utilities\eclipse-committers-mars-2-win32-x86_64\eclipse;;."/>
    <property name="java.specification.name" value="Java Platform API Specification"/>
    <property name="java.class.version" value="52.0"/>
    <property name="sun.management.compiler" value="HotSpot 64-Bit Tiered Compilers"/>
    <property name="os.version" value="6.1"/>
    <property name="user.home" value="C:\Users\karunachalam"/>
    <property name="user.timezone" value="Asia/Calcutta"/>
    <property name="java.awt.printerjob" value="sun.awt.windows.WPrinterJob"/>
    <property name="java.specification.version" value="1.8"/>
    <property name="file.encoding" value="Cp1252"/>
    <property name="user.name" value="karunachalam"/>
    <property name="java.class.path" value="/C:/Karthick/Softwares &amp; Utilities/eclipse-committers-mars-2-win32-x86_64/eclipse/plugins/org.eclipse.m2e.maven.runtime_1.5.0.20140605-2032/jars/plexus-classworlds-2.5.1.jar"/>
    <property name="org.slf4j.simpleLogger.defaultLogLevel" value="info"/>
    <property name="java.vm.specification.version" value="1.8"/>
    <property name="sun.arch.data.model" value="64"/>
    <property name="java.home" value="C:\Program Files\Java\jre1.8.0_121"/>
    <property name="sun.java.command" value="org.codehaus.plexus.classworlds.launcher.Launcher -B test"/>
    <property name="java.specification.vendor" value="Oracle Corporation"/>
    <property name="user.language" value="en"/>
    <property name="awt.toolkit" value="sun.awt.windows.WToolkit"/>
    <property name="java.vm.info" value="mixed mode"/>
    <property name="java.version" value="1.8.0_121"/>
    <property name="java.ext.dirs" value="C:\Program Files\Java\jre1.8.0_121\lib\ext;C:\Windows\Sun\Java\lib\ext"/>
    <property name="sun.boot.class.path" value="C:\Program Files\Java\jre1.8.0_121\lib\resources.jar;C:\Program Files\Java\jre1.8.0_121\lib\rt.jar;C:\Program Files\Java\jre1.8.0_121\lib\sunrsasign.jar;C:\Program Files\Java\jre1.8.0_121\lib\jsse.jar;C:\Program Files\Java\jre1.8.0_121\lib\jce.jar;C:\Program Files\Java\jre1.8.0_121\lib\charsets.jar;C:\Program Files\Java\jre1.8.0_121\lib\jfr.jar;C:\Program Files\Java\jre1.8.0_121\classes"/>
    <property name="java.vendor" value="Oracle Corporation"/>
    <property name="maven.home" value="C:\Karthick\PchWorkspace\Interview\EMBEDDED"/>
    <property name="file.separator" value="\"/>
    <property name="java.vendor.url.bug" value="http://bugreport.sun.com/bugreport/"/>
    <property name="sun.cpu.endian" value="little"/>
    <property name="sun.io.unicode.encoding" value="UnicodeLittle"/>
    <property name="sun.desktop" value="windows"/>
    <property name="sun.cpu.isalist" value="amd64"/>
  </properties>
  <testcase name="testHandleAjaxPageUsingDifferentWaits" classname="project.interview.selenium.SeleniumWaits" time="5.255"/>
  <testcase name="initializeBrowser" classname="project.interview.selenium.SeleniumWaits" time="47.251">
    <failure message="Failed to connect to binary FirefoxBinary(C:\Program Files (x86)\Mozilla Firefox\firefox.exe) on port 7055; process output follows: &#10;st&quot;:1490790346435}},&quot;winreg-app-global&quot;:{&quot;fiddlerhook@fiddler2.com&quot;:{&quot;d&quot;:&quot;C:\\Program Files (x86)\\Fiddler2\\FiddlerHook&quot;,&quot;e&quot;:false,&quot;v&quot;:&quot;2.2.9.8&quot;,&quot;st&quot;:1481204218426,&quot;mt&quot;:1278527098000}}}&#10;1490953113852	addons.xpi	DEBUG	No changes found&#10;1490953113867	addons.xpi	DEBUG	Registering manifest for C:\Program Files (x86)\Mozilla Firefox\browser\features\aushelper@mozilla.org.xpi&#10;1490953113867	addons.xpi	DEBUG	Loading bootstrap scope from C:\Program Files (x86)\Mozilla Firefox\browser\features\aushelper@mozilla.org.xpi&#10;1490953113874	addons.xpi	DEBUG	Calling bootstrap method startup on aushelper@mozilla.org version 2.0&#10;1490953113876	addons.xpi	DEBUG	Registering manifest for C:\Program Files (x86)\Mozilla Firefox\browser\features\deployment-checker@mozilla.org.xpi&#10;1490953113876	addons.xpi	DEBUG	Loading bootstrap scope from C:\Program Files (x86)\Mozilla Firefox\browser\features\deployment-checker@mozilla.org.xpi&#10;1490953113881	addons.xpi	DEBUG	Calling bootstrap method startup on deployment-checker@mozilla.org version 1.0&#10;1490953113881	addons.xpi	DEBUG	Registering manifest for C:\Program Files (x86)\Mozilla Firefox\browser\features\e10srollout@mozilla.org.xpi&#10;1490953113882	addons.xpi	DEBUG	Loading bootstrap scope from C:\Program Files (x86)\Mozilla Firefox\browser\features\e10srollout@mozilla.org.xpi&#10;1490953113884	addons.xpi	DEBUG	Calling bootstrap method startup on e10srollout@mozilla.org version 1.9&#10;1490953113885	addons.xpi	DEBUG	Registering manifest for C:\Program Files (x86)\Mozilla Firefox\browser\features\firefox@getpocket.com.xpi&#10;1490953113885	addons.xpi	DEBUG	Loading bootstrap scope from C:\Program Files (x86)\Mozilla Firefox\browser\features\firefox@getpocket.com.xpi&#10;1490953113889	addons.xpi	DEBUG	Calling bootstrap method startup on firefox@getpocket.com version 1.0.5&#10;1490953113897	addons.xpi-utils	DEBUG	Starting async load of XPI database C:\Users\KARUNA~1\AppData\Local\Temp\anonymous5465331830743112852webdriver-profile\extensions.json&#10;1490953113899	addons.xpi	DEBUG	Registering manifest for C:\Program Files (x86)\Mozilla Firefox\browser\features\webcompat@mozilla.org.xpi&#10;1490953113900	addons.xpi	DEBUG	Loading bootstrap scope from C:\Program Files (x86)\Mozilla Firefox\browser\features\webcompat@mozilla.org.xpi&#10;1490953113902	addons.xpi	DEBUG	Calling bootstrap method startup on webcompat@mozilla.org version 1.0&#10;1490953113905	addons.manager	DEBUG	Registering shutdown blocker for XPIProvider&#10;1490953113906	addons.manager	DEBUG	Provider finished startup: XPIProvider&#10;1490953113906	addons.manager	DEBUG	Starting provider: LightweightThemeManager&#10;1490953113906	addons.manager	DEBUG	Registering shutdown blocker for LightweightThemeManager&#10;1490953113906	addons.manager	DEBUG	Provider finished startup: LightweightThemeManager&#10;1490953113907	addons.manager	DEBUG	Starting provider: GMPProvider&#10;1490953113918	addons.manager	DEBUG	Registering shutdown blocker for GMPProvider&#10;1490953113918	addons.manager	DEBUG	Provider finished startup: GMPProvider&#10;1490953113918	addons.manager	DEBUG	Starting provider: PluginProvider&#10;1490953113919	addons.manager	DEBUG	Registering shutdown blocker for PluginProvider&#10;1490953113919	addons.manager	DEBUG	Provider finished startup: PluginProvider&#10;1490953113920	addons.manager	DEBUG	Completed startup sequence&#10;1490953114261	addons.xpi-utils	DEBUG	Async JSON file read took 0 MS&#10;1490953114261	addons.xpi-utils	DEBUG	Finished async read of XPI database, parsing...&#10;1490953114265	addons.xpi-utils	DEBUG	Successfully read XPI database&#10;1490953114286	addons.manager	DEBUG	Starting provider: &lt;unnamed-provider&gt;&#10;1490953114286	addons.manager	DEBUG	Registering shutdown blocker for &lt;unnamed-provider&gt;&#10;1490953114286	addons.manager	DEBUG	Provider finished startup: &lt;unnamed-provider&gt;&#10;*** Blocklist::_loadBlocklistFromFile: blocklist is disabled&#10;1490953114462	addons.manager	DEBUG	Starting provider: PreviousExperimentProvider&#10;1490953114462	addons.manager	DEBUG	Registering shutdown blocker for PreviousExperimentProvider&#10;1490953114462	addons.manager	DEBUG	Provider finished startup: PreviousExperimentProvider&#10;&#10;Build info: version: &apos;2.44.0&apos;, revision: &apos;76d78cf323ce037c5f92db6c1bba601c2ac43ad8&apos;, time: &apos;2014-10-23 13:11:40&apos;&#10;System info: host: &apos;karunachalam&apos;, ip: &apos;10.37.1.230&apos;, os.name: &apos;Windows 7&apos;, os.arch: &apos;amd64&apos;, os.version: &apos;6.1&apos;, java.version: &apos;1.8.0_121&apos;&#10;Driver info: driver.version: FirefoxDriver" type="org.openqa.selenium.WebDriverException"><![CDATA[org.openqa.selenium.WebDriverException: Failed to connect to binary FirefoxBinary(C:\Program Files (x86)\Mozilla Firefox\firefox.exe) on port 7055; process output follows: 
st":1490790346435}},"winreg-app-global":{"fiddlerhook@fiddler2.com":{"d":"C:\\Program Files (x86)\\Fiddler2\\FiddlerHook","e":false,"v":"2.2.9.8","st":1481204218426,"mt":1278527098000}}}
1490953113852	addons.xpi	DEBUG	No changes found
1490953113867	addons.xpi	DEBUG	Registering manifest for C:\Program Files (x86)\Mozilla Firefox\browser\features\aushelper@mozilla.org.xpi
1490953113867	addons.xpi	DEBUG	Loading bootstrap scope from C:\Program Files (x86)\Mozilla Firefox\browser\features\aushelper@mozilla.org.xpi
1490953113874	addons.xpi	DEBUG	Calling bootstrap method startup on aushelper@mozilla.org version 2.0
1490953113876	addons.xpi	DEBUG	Registering manifest for C:\Program Files (x86)\Mozilla Firefox\browser\features\deployment-checker@mozilla.org.xpi
1490953113876	addons.xpi	DEBUG	Loading bootstrap scope from C:\Program Files (x86)\Mozilla Firefox\browser\features\deployment-checker@mozilla.org.xpi
1490953113881	addons.xpi	DEBUG	Calling bootstrap method startup on deployment-checker@mozilla.org version 1.0
1490953113881	addons.xpi	DEBUG	Registering manifest for C:\Program Files (x86)\Mozilla Firefox\browser\features\e10srollout@mozilla.org.xpi
1490953113882	addons.xpi	DEBUG	Loading bootstrap scope from C:\Program Files (x86)\Mozilla Firefox\browser\features\e10srollout@mozilla.org.xpi
1490953113884	addons.xpi	DEBUG	Calling bootstrap method startup on e10srollout@mozilla.org version 1.9
1490953113885	addons.xpi	DEBUG	Registering manifest for C:\Program Files (x86)\Mozilla Firefox\browser\features\firefox@getpocket.com.xpi
1490953113885	addons.xpi	DEBUG	Loading bootstrap scope from C:\Program Files (x86)\Mozilla Firefox\browser\features\firefox@getpocket.com.xpi
1490953113889	addons.xpi	DEBUG	Calling bootstrap method startup on firefox@getpocket.com version 1.0.5
1490953113897	addons.xpi-utils	DEBUG	Starting async load of XPI database C:\Users\KARUNA~1\AppData\Local\Temp\anonymous5465331830743112852webdriver-profile\extensions.json
1490953113899	addons.xpi	DEBUG	Registering manifest for C:\Program Files (x86)\Mozilla Firefox\browser\features\webcompat@mozilla.org.xpi
1490953113900	addons.xpi	DEBUG	Loading bootstrap scope from C:\Program Files (x86)\Mozilla Firefox\browser\features\webcompat@mozilla.org.xpi
1490953113902	addons.xpi	DEBUG	Calling bootstrap method startup on webcompat@mozilla.org version 1.0
1490953113905	addons.manager	DEBUG	Registering shutdown blocker for XPIProvider
1490953113906	addons.manager	DEBUG	Provider finished startup: XPIProvider
1490953113906	addons.manager	DEBUG	Starting provider: LightweightThemeManager
1490953113906	addons.manager	DEBUG	Registering shutdown blocker for LightweightThemeManager
1490953113906	addons.manager	DEBUG	Provider finished startup: LightweightThemeManager
1490953113907	addons.manager	DEBUG	Starting provider: GMPProvider
1490953113918	addons.manager	DEBUG	Registering shutdown blocker for GMPProvider
1490953113918	addons.manager	DEBUG	Provider finished startup: GMPProvider
1490953113918	addons.manager	DEBUG	Starting provider: PluginProvider
1490953113919	addons.manager	DEBUG	Registering shutdown blocker for PluginProvider
1490953113919	addons.manager	DEBUG	Provider finished startup: PluginProvider
1490953113920	addons.manager	DEBUG	Completed startup sequence
1490953114261	addons.xpi-utils	DEBUG	Async JSON file read took 0 MS
1490953114261	addons.xpi-utils	DEBUG	Finished async read of XPI database, parsing...
1490953114265	addons.xpi-utils	DEBUG	Successfully read XPI database
1490953114286	addons.manager	DEBUG	Starting provider: <unnamed-provider>
1490953114286	addons.manager	DEBUG	Registering shutdown blocker for <unnamed-provider>
1490953114286	addons.manager	DEBUG	Provider finished startup: <unnamed-provider>
*** Blocklist::_loadBlocklistFromFile: blocklist is disabled
1490953114462	addons.manager	DEBUG	Starting provider: PreviousExperimentProvider
1490953114462	addons.manager	DEBUG	Registering shutdown blocker for PreviousExperimentProvider
1490953114462	addons.manager	DEBUG	Provider finished startup: PreviousExperimentProvider

Build info: version: '2.44.0', revision: '76d78cf323ce037c5f92db6c1bba601c2ac43ad8', time: '2014-10-23 13:11:40'
System info: host: 'karunachalam', ip: '10.37.1.230', os.name: 'Windows 7', os.arch: 'amd64', os.version: '6.1', java.version: '1.8.0_121'
Driver info: driver.version: FirefoxDriver
	at org.openqa.selenium.firefox.internal.NewProfileExtensionConnection.start(NewProfileExtensionConnection.java:118)
	at org.openqa.selenium.firefox.FirefoxDriver.startClient(FirefoxDriver.java:246)
	at org.openqa.selenium.remote.RemoteWebDriver.<init>(RemoteWebDriver.java:114)
	at org.openqa.selenium.firefox.FirefoxDriver.<init>(FirefoxDriver.java:191)
	at org.openqa.selenium.firefox.FirefoxDriver.<init>(FirefoxDriver.java:186)
	at org.openqa.selenium.firefox.FirefoxDriver.<init>(FirefoxDriver.java:182)
	at org.openqa.selenium.firefox.FirefoxDriver.<init>(FirefoxDriver.java:95)
	at project.interview.selenium.SeleniumWaits.initializeBrowser(SeleniumWaits.java:202)
]]></failure>
    <system-err><![CDATA[org.openqa.selenium.firefox.NotConnectedException: Unable to connect to host 127.0.0.1 on port 7055 after 45000 ms. Firefox console output:
st":1490790346435}},"winreg-app-global":{"fiddlerhook@fiddler2.com":{"d":"C:\\Program Files (x86)\\Fiddler2\\FiddlerHook","e":false,"v":"2.2.9.8","st":1481204218426,"mt":1278527098000}}}
1490953113852	addons.xpi	DEBUG	No changes found
1490953113867	addons.xpi	DEBUG	Registering manifest for C:\Program Files (x86)\Mozilla Firefox\browser\features\aushelper@mozilla.org.xpi
1490953113867	addons.xpi	DEBUG	Loading bootstrap scope from C:\Program Files (x86)\Mozilla Firefox\browser\features\aushelper@mozilla.org.xpi
1490953113874	addons.xpi	DEBUG	Calling bootstrap method startup on aushelper@mozilla.org version 2.0
1490953113876	addons.xpi	DEBUG	Registering manifest for C:\Program Files (x86)\Mozilla Firefox\browser\features\deployment-checker@mozilla.org.xpi
1490953113876	addons.xpi	DEBUG	Loading bootstrap scope from C:\Program Files (x86)\Mozilla Firefox\browser\features\deployment-checker@mozilla.org.xpi
1490953113881	addons.xpi	DEBUG	Calling bootstrap method startup on deployment-checker@mozilla.org version 1.0
1490953113881	addons.xpi	DEBUG	Registering manifest for C:\Program Files (x86)\Mozilla Firefox\browser\features\e10srollout@mozilla.org.xpi
1490953113882	addons.xpi	DEBUG	Loading bootstrap scope from C:\Program Files (x86)\Mozilla Firefox\browser\features\e10srollout@mozilla.org.xpi
1490953113884	addons.xpi	DEBUG	Calling bootstrap method startup on e10srollout@mozilla.org version 1.9
1490953113885	addons.xpi	DEBUG	Registering manifest for C:\Program Files (x86)\Mozilla Firefox\browser\features\firefox@getpocket.com.xpi
1490953113885	addons.xpi	DEBUG	Loading bootstrap scope from C:\Program Files (x86)\Mozilla Firefox\browser\features\firefox@getpocket.com.xpi
1490953113889	addons.xpi	DEBUG	Calling bootstrap method startup on firefox@getpocket.com version 1.0.5
1490953113897	addons.xpi-utils	DEBUG	Starting async load of XPI database C:\Users\KARUNA~1\AppData\Local\Temp\anonymous5465331830743112852webdriver-profile\extensions.json
1490953113899	addons.xpi	DEBUG	Registering manifest for C:\Program Files (x86)\Mozilla Firefox\browser\features\webcompat@mozilla.org.xpi
1490953113900	addons.xpi	DEBUG	Loading bootstrap scope from C:\Program Files (x86)\Mozilla Firefox\browser\features\webcompat@mozilla.org.xpi
1490953113902	addons.xpi	DEBUG	Calling bootstrap method startup on webcompat@mozilla.org version 1.0
1490953113905	addons.manager	DEBUG	Registering shutdown blocker for XPIProvider
1490953113906	addons.manager	DEBUG	Provider finished startup: XPIProvider
1490953113906	addons.manager	DEBUG	Starting provider: LightweightThemeManager
1490953113906	addons.manager	DEBUG	Registering shutdown blocker for LightweightThemeManager
1490953113906	addons.manager	DEBUG	Provider finished startup: LightweightThemeManager
1490953113907	addons.manager	DEBUG	Starting provider: GMPProvider
1490953113918	addons.manager	DEBUG	Registering shutdown blocker for GMPProvider
1490953113918	addons.manager	DEBUG	Provider finished startup: GMPProvider
1490953113918	addons.manager	DEBUG	Starting provider: PluginProvider
1490953113919	addons.manager	DEBUG	Registering shutdown blocker for PluginProvider
1490953113919	addons.manager	DEBUG	Provider finished startup: PluginProvider
1490953113920	addons.manager	DEBUG	Completed startup sequence
1490953114261	addons.xpi-utils	DEBUG	Async JSON file read took 0 MS
1490953114261	addons.xpi-utils	DEBUG	Finished async read of XPI database, parsing...
1490953114265	addons.xpi-utils	DEBUG	Successfully read XPI database
1490953114286	addons.manager	DEBUG	Starting provider: <unnamed-provider>
1490953114286	addons.manager	DEBUG	Registering shutdown blocker for <unnamed-provider>
1490953114286	addons.manager	DEBUG	Provider finished startup: <unnamed-provider>
*** Blocklist::_loadBlocklistFromFile: blocklist is disabled
1490953114462	addons.manager	DEBUG	Starting provider: PreviousExperimentProvider
1490953114462	addons.manager	DEBUG	Registering shutdown blocker for PreviousExperimentProvider
1490953114462	addons.manager	DEBUG	Provider finished startup: PreviousExperimentProvider

	at org.openqa.selenium.firefox.internal.NewProfileExtensionConnection.start(NewProfileExtensionConnection.java:118)
	at org.openqa.selenium.firefox.FirefoxDriver.startClient(FirefoxDriver.java:246)
	at org.openqa.selenium.remote.RemoteWebDriver.<init>(RemoteWebDriver.java:114)
	at org.openqa.selenium.firefox.FirefoxDriver.<init>(FirefoxDriver.java:191)
	at org.openqa.selenium.firefox.FirefoxDriver.<init>(FirefoxDriver.java:186)
	at org.openqa.selenium.firefox.FirefoxDriver.<init>(FirefoxDriver.java:182)
	at org.openqa.selenium.firefox.FirefoxDriver.<init>(FirefoxDriver.java:95)
	at project.interview.selenium.SeleniumWaits.initializeBrowser(SeleniumWaits.java:202)
	at sun.reflect.NativeMethodAccessorImpl.invoke0(Native Method)
	at sun.reflect.NativeMethodAccessorImpl.invoke(Unknown Source)
	at sun.reflect.DelegatingMethodAccessorImpl.invoke(Unknown Source)
	at java.lang.reflect.Method.invoke(Unknown Source)
	at org.testng.internal.MethodInvocationHelper.invokeMethod(MethodInvocationHelper.java:80)
	at org.testng.internal.Invoker.invokeConfigurationMethod(Invoker.java:551)
	at org.testng.internal.Invoker.invokeConfigurations(Invoker.java:213)
	at org.testng.internal.Invoker.invokeConfigurations(Invoker.java:138)
	at org.testng.TestRunner.beforeRun(TestRunner.java:641)
	at org.testng.TestRunner.run(TestRunner.java:609)
	at org.testng.SuiteRunner.runTest(SuiteRunner.java:334)
	at org.testng.SuiteRunner.access$000(SuiteRunner.java:37)
	at org.testng.SuiteRunner$SuiteWorker.run(SuiteRunner.java:368)
	at org.testng.internal.thread.ThreadUtil$2.call(ThreadUtil.java:64)
	at java.util.concurrent.FutureTask.run(Unknown Source)
	at java.util.concurrent.ThreadPoolExecutor.runWorker(Unknown Source)
	at java.util.concurrent.ThreadPoolExecutor$Worker.run(Unknown Source)
	at java.lang.Thread.run(Unknown Source)
]]></system-err>
  </testcase>
  <testcase name="testHandleAjaxPageUsingDifferentWaits" classname="project.interview.selenium.SeleniumWaits" time="0">
    <skipped/>
  </testcase>
  <testcase name="shutdown" classname="project.interview.selenium.SeleniumWaits" time="0">
    <skipped/>
  </testcase>
</testsuite>